
/home/runner/work/exp-intrusion-prevention-systems-au/exp-intrusion-prevention-systems-au/experiment/simulation/js/271.04c9f831.js
  1:4401   warning  't' is defined but never used  no-unused-vars
  1:4667   warning  't' is defined but never used  no-unused-vars
  1:4891   warning  't' is defined but never used  no-unused-vars
  1:5104   warning  't' is defined but never used  no-unused-vars
  1:5293   warning  't' is defined but never used  no-unused-vars
  1:5534   warning  't' is defined but never used  no-unused-vars
  1:8081   warning  'i' is defined but never used  no-unused-vars
  1:8083   warning  'n' is defined but never used  no-unused-vars
  1:8085   warning  'r' is defined but never used  no-unused-vars
  1:8526   warning  'e' is defined but never used  no-unused-vars
  1:8528   warning  'a' is defined but never used  no-unused-vars
  1:8530   warning  'o' is defined but never used  no-unused-vars
  1:8532   warning  'i' is defined but never used  no-unused-vars
  1:8534   warning  'n' is defined but never used  no-unused-vars
  1:12565  warning  'i' is defined but never used  no-unused-vars
  1:12567  warning  'n' is defined but never used  no-unused-vars
  1:12569  warning  'r' is defined but never used  no-unused-vars
  1:15759  warning  'e' is defined but never used  no-unused-vars

/home/runner/work/exp-intrusion-prevention-systems-au/exp-intrusion-prevention-systems-au/experiment/simulation/js/791.41b74e70.js
  1:176  warning  'n' is defined but never used  no-unused-vars
  1:178  warning  'e' is defined but never used  no-unused-vars

/home/runner/work/exp-intrusion-prevention-systems-au/exp-intrusion-prevention-systems-au/experiment/simulation/js/app.ad8c5505.js
  1:89    warning  'e' is defined but never used           no-unused-vars
  1:91    warning  'n' is defined but never used           no-unused-vars
  1:1844  warning  'u' is defined but never used           no-unused-vars
  1:4846  warning  'r' is assigned a value but never used  no-unused-vars

/home/runner/work/exp-intrusion-prevention-systems-au/exp-intrusion-prevention-systems-au/experiment/simulation/js/chunk-vendors.597f59e4.js
  1:1813   warning  Empty block statement                                                            no-empty
  1:3883   warning  Do not access Object.prototype method 'hasOwnProperty' from target object        no-prototype-builtins
  1:5407   warning  Do not access Object.prototype method 'propertyIsEnumerable' from target object  no-prototype-builtins
  1:6037   warning  'b.get' is assigned to itself                                                    no-self-assign
  1:6049   warning  'b.has' is assigned to itself                                                    no-self-assign
  1:6061   warning  'b.set' is assigned to itself                                                    no-self-assign
  1:8223   warning  Empty block statement                                                            no-empty
  1:9006   warning  Empty block statement                                                            no-empty
  1:9311   warning  Empty block statement                                                            no-empty
  1:13496  warning  'e' is defined but never used                                                    no-unused-vars
  1:13915  warning  'e' is defined but never used                                                    no-unused-vars
  1:16594  warning  't' is defined but never used                                                    no-unused-vars
  1:16694  warning  'i' is defined but never used                                                    no-unused-vars
  1:16696  warning  's' is defined but never used                                                    no-unused-vars
  1:17381  warning  't' is defined but never used                                                    no-unused-vars
  1:18063  warning  Do not access Object.prototype method 'hasOwnProperty' from target object        no-prototype-builtins
  1:19235  warning  'e' is defined but never used                                                    no-unused-vars
  1:19237  warning  't' is defined but never used                                                    no-unused-vars
  1:19265  warning  'e' is defined but never used                                                    no-unused-vars
  1:19267  warning  't' is defined but never used                                                    no-unused-vars
  1:20908  warning  't' is defined but never used                                                    no-unused-vars
  1:23004  warning  't' is defined but never used                                                    no-unused-vars
  1:25656  warning  'r' is assigned a value but never used                                           no-unused-vars
  1:26339  warning  'e' is defined but never used                                                    no-unused-vars
  1:28017  warning  'n' is defined but never used                                                    no-unused-vars
  1:30209  warning  'u' is assigned a value but never used                                           no-unused-vars
  1:30221  warning  'a' is assigned a value but never used                                           no-unused-vars
  1:32590  warning  'e' is assigned a value but never used                                           no-unused-vars
  1:35111  warning  'de' is defined but never used                                                   no-unused-vars
  1:35574  warning  'ye' is defined but never used                                                   no-unused-vars
  1:35625  warning  'be' is defined but never used                                                   no-unused-vars
  1:36640  warning  'n' is assigned a value but never used                                           no-unused-vars
  1:39716  warning  'b' is assigned a value but never used                                           no-unused-vars
  1:39744  warning  'w' is assigned a value but never used                                           no-unused-vars
  1:39892  warning  'T' is assigned a value but never used                                           no-unused-vars
  1:40349  warning  Setter cannot return a value                                                     no-setter-return
  1:40789  warning  Setter cannot return a value                                                     no-setter-return
  1:40949  warning  'n' is assigned a value but never used                                           no-unused-vars
  1:41189  warning  Setter cannot return a value                                                     no-setter-return
  1:45592  warning  'n' is defined but never used                                                    no-unused-vars
  1:63032  warning  'n' is defined but never used                                                    no-unused-vars
  1:65136  warning  Unexpected constant condition                                                    no-constant-condition
  1:66361  warning  'i' is defined but never used                                                    no-unused-vars
  1:67396  warning  Expected a conditional expression and instead saw an assignment                  no-cond-assign
  1:77196  warning  Do not access Object.prototype method 'hasOwnProperty' from target object        no-prototype-builtins
  1:77218  warning  Do not access Object.prototype method 'hasOwnProperty' from target object        no-prototype-builtins
  7:1877   warning  Unnecessary escape character: \/                                                 no-useless-escape
  7:3105   warning  't' is defined but never used                                                    no-unused-vars
  7:10477  warning  Empty block statement                                                            no-empty
  7:14583  warning  'i' is defined but never used                                                    no-unused-vars
  7:20039  warning  'e' is defined but never used                                                    no-unused-vars

✖ 75 problems (0 errors, 75 warnings)

